<?xml version="1.0" encoding="UTF-8"?>
<testsuite xmlns:xsi="http://www.w3.org/2001/XMLSchema-instance" xsi:noNamespaceSchemaLocation="https://maven.apache.org/surefire/maven-surefire-plugin/xsd/surefire-test-report-3.0.xsd" version="3.0" name="com.springteam.backend.controller.CategoryControllerTest" time="3.313" tests="7" errors="0" skipped="0" failures="0">
  <properties>
[...]
</properties>
  <testcase name="testUpdateExistedCategory" classname="com.springteam.backend.controller.CategoryControllerTest" time="0.354">
    <system-out><![CDATA[2024-09-23T16:46:05.450-07:00  INFO 8616 --- [backend] [           main] t.c.s.AnnotationConfigContextLoaderUtils : Could not detect default configuration classes for test class [com.springteam.backend.controller.CategoryControllerTest]: CategoryControllerTest does not declare any static, non-private, non-final, nested classes annotated with @Configuration.
2024-09-23T16:46:05.521-07:00  INFO 8616 --- [backend] [           main] .b.t.c.SpringBootTestContextBootstrapper : Found @SpringBootConfiguration com.springteam.backend.BackendApplication for test class com.springteam.backend.controller.CategoryControllerTest
2024-09-23T16:46:05.542-07:00  INFO 8616 --- [backend] [           main] o.s.b.d.r.RestartApplicationListener     : Restart disabled due to context in which it is running

  .   ____          _            __ _ _
 /\\ / ___'_ __ _ _(_)_ __  __ _ \ \ \ \
( ( )\___ | '_ | '_| | '_ \/ _` | \ \ \ \
 \\/  ___)| |_)| | | | | || (_| |  ) ) ) )
  '  |____| .__|_| |_|_| |_\__, | / / / /
 =========|_|==============|___/=/_/_/_/

 :: Spring Boot ::                (v3.3.1)

2024-09-23T16:46:05.584-07:00  INFO 8616 --- [backend] [           main] c.s.b.controller.CategoryControllerTest  : Starting CategoryControllerTest using Java 17.0.11 with PID 8616 (started by ad in E:\quoccuong-applestore\backend)
2024-09-23T16:46:05.585-07:00  INFO 8616 --- [backend] [           main] c.s.b.controller.CategoryControllerTest  : No active profile set, falling back to 1 default profile: "default"
2024-09-23T16:46:05.976-07:00  INFO 8616 --- [backend] [           main] .s.d.r.c.RepositoryConfigurationDelegate : Bootstrapping Spring Data JPA repositories in DEFAULT mode.
2024-09-23T16:46:06.014-07:00  INFO 8616 --- [backend] [           main] .s.d.r.c.RepositoryConfigurationDelegate : Finished Spring Data repository scanning in 37 ms. Found 7 JPA repository interfaces.
2024-09-23T16:46:06.630-07:00  INFO 8616 --- [backend] [           main] o.hibernate.jpa.internal.util.LogHelper  : HHH000204: Processing PersistenceUnitInfo [name: default]
2024-09-23T16:46:06.639-07:00  INFO 8616 --- [backend] [           main] o.h.c.internal.RegionFactoryInitiator    : HHH000026: Second-level cache disabled
2024-09-23T16:46:06.670-07:00  INFO 8616 --- [backend] [           main] o.s.o.j.p.SpringPersistenceUnitInfo      : No LoadTimeWeaver setup: ignoring JPA class transformer
2024-09-23T16:46:06.673-07:00  INFO 8616 --- [backend] [           main] com.zaxxer.hikari.HikariDataSource       : HikariPool-2 - Starting...
2024-09-23T16:46:06.740-07:00  INFO 8616 --- [backend] [           main] com.zaxxer.hikari.pool.HikariPool        : HikariPool-2 - Added connection com.mysql.cj.jdbc.ConnectionImpl@3689931e
2024-09-23T16:46:06.740-07:00  INFO 8616 --- [backend] [           main] com.zaxxer.hikari.HikariDataSource       : HikariPool-2 - Start completed.
2024-09-23T16:46:07.113-07:00  INFO 8616 --- [backend] [           main] o.h.e.t.j.p.i.JtaPlatformInitiator       : HHH000489: No JTA platform available (set 'hibernate.transaction.jta.platform' to enable JTA platform integration)
2024-09-23T16:46:07.216-07:00  INFO 8616 --- [backend] [           main] j.LocalContainerEntityManagerFactoryBean : Initialized JPA EntityManagerFactory for persistence unit 'default'
2024-09-23T16:46:07.360-07:00  INFO 8616 --- [backend] [           main] r$InitializeUserDetailsManagerConfigurer : Global AuthenticationManager configured with UserDetailsService bean with name customUserDetailService
2024-09-23T16:46:07.627-07:00  WARN 8616 --- [backend] [           main] JpaBaseConfiguration$JpaWebConfiguration : spring.jpa.open-in-view is enabled by default. Therefore, database queries may be performed during view rendering. Explicitly configure spring.jpa.open-in-view to disable this warning
2024-09-23T16:46:08.107-07:00  INFO 8616 --- [backend] [           main] o.s.b.t.m.w.SpringBootMockServletContext : Initializing Spring TestDispatcherServlet ''
2024-09-23T16:46:08.108-07:00  INFO 8616 --- [backend] [           main] o.s.t.web.servlet.TestDispatcherServlet  : Initializing Servlet ''
2024-09-23T16:46:08.111-07:00  INFO 8616 --- [backend] [           main] o.s.t.web.servlet.TestDispatcherServlet  : Completed initialization in 2 ms
2024-09-23T16:46:08.130-07:00  INFO 8616 --- [backend] [           main] c.s.b.controller.CategoryControllerTest  : Started CategoryControllerTest in 2.589 seconds (process running for 13.411)
]]></system-out>
  </testcase>
  <testcase name="testGetAllCategories" classname="com.springteam.backend.controller.CategoryControllerTest" time="0.13"/>
  <testcase name="testDeleteCategory_Success" classname="com.springteam.backend.controller.CategoryControllerTest" time="0.019"/>
  <testcase name="testGetAllCategoriesWithNoParams" classname="com.springteam.backend.controller.CategoryControllerTest" time="0.025"/>
  <testcase name="testGetAllCategoriesWithNameParams" classname="com.springteam.backend.controller.CategoryControllerTest" time="0.023"/>
  <testcase name="testDeleteCategory_FailToLoadCategory" classname="com.springteam.backend.controller.CategoryControllerTest" time="0.025"/>
  <testcase name="testInsertNewCategory" classname="com.springteam.backend.controller.CategoryControllerTest" time="0.014"/>
</testsuite>